D:\hadi\YounesCo\YounesCo-SPA\dist\out-tsc\server.js
D:\hadi\YounesCo\YounesCo-SPA\dist\out-tsc\server.js.map
D:\hadi\YounesCo\YounesCo-SPA\dist\out-tsc\src\environments\environment.js
D:\hadi\YounesCo\YounesCo-SPA\dist\out-tsc\src\environments\environment.js.map
D:\hadi\YounesCo\YounesCo-SPA\dist\out-tsc\src\app\Global\ReviewPopup\ReviewPopup.component.js
D:\hadi\YounesCo\YounesCo-SPA\dist\out-tsc\src\app\Global\ReviewPopup\ReviewPopup.component.js.map
D:\hadi\YounesCo\YounesCo-SPA\dist\out-tsc\src\app\Global\ConfirmationPopup\ConfirmationPopup.component.js
D:\hadi\YounesCo\YounesCo-SPA\dist\out-tsc\src\app\Global\ConfirmationPopup\ConfirmationPopup.component.js.map
D:\hadi\YounesCo\YounesCo-SPA\dist\out-tsc\src\app\Global\ok-popup\ok-popup.component.js
D:\hadi\YounesCo\YounesCo-SPA\dist\out-tsc\src\app\Global\ok-popup\ok-popup.component.js.map
D:\hadi\YounesCo\YounesCo-SPA\dist\out-tsc\src\app\Services\Embryo.service.js
D:\hadi\YounesCo\YounesCo-SPA\dist\out-tsc\src\app\Services\Embryo.service.js.map
D:\hadi\YounesCo\YounesCo-SPA\dist\out-tsc\src\app\Core\menu\menu-items\menu-items.js
D:\hadi\YounesCo\YounesCo-SPA\dist\out-tsc\src\app\Core\menu\menu-items\menu-items.js.map
D:\hadi\YounesCo\YounesCo-SPA\dist\out-tsc\src\app\Main\Main.component.js
D:\hadi\YounesCo\YounesCo-SPA\dist\out-tsc\src\app\Main\Main.component.js.map
D:\hadi\YounesCo\YounesCo-SPA\dist\out-tsc\src\app\Pages\Home\HomeOne\HomeOne.component.js
D:\hadi\YounesCo\YounesCo-SPA\dist\out-tsc\src\app\Pages\Home\HomeOne\HomeOne.component.js.map
D:\hadi\YounesCo\YounesCo-SPA\dist\out-tsc\src\app\Pages\Home\HomeTwo\HomeTwo.component.js
D:\hadi\YounesCo\YounesCo-SPA\dist\out-tsc\src\app\Pages\Home\HomeTwo\HomeTwo.component.js.map
D:\hadi\YounesCo\YounesCo-SPA\dist\out-tsc\src\app\Pages\Home\HomeThree\HomeThree.component.js
D:\hadi\YounesCo\YounesCo-SPA\dist\out-tsc\src\app\Pages\Home\HomeThree\HomeThree.component.js.map
D:\hadi\YounesCo\YounesCo-SPA\dist\out-tsc\src\app\Pages\Cart\Cart.component.js
D:\hadi\YounesCo\YounesCo-SPA\dist\out-tsc\src\app\Pages\Cart\Cart.component.js.map
D:\hadi\YounesCo\YounesCo-SPA\dist\out-tsc\src\app\Pages\NotFound\NotFound.component.js
D:\hadi\YounesCo\YounesCo-SPA\dist\out-tsc\src\app\Pages\NotFound\NotFound.component.js.map
D:\hadi\YounesCo\YounesCo-SPA\dist\out-tsc\src\app\Pages\Products\ProductsList\ProductsList.component.js
D:\hadi\YounesCo\YounesCo-SPA\dist\out-tsc\src\app\Pages\Products\ProductsList\ProductsList.component.js.map
D:\hadi\YounesCo\YounesCo-SPA\dist\out-tsc\src\app\Pages\Products\DetailPage\DetailPage.component.js
D:\hadi\YounesCo\YounesCo-SPA\dist\out-tsc\src\app\Pages\Products\DetailPage\DetailPage.component.js.map
D:\hadi\YounesCo\YounesCo-SPA\dist\out-tsc\src\app\Pages\Products\Products.routing.js
D:\hadi\YounesCo\YounesCo-SPA\dist\out-tsc\src\app\Pages\Products\Products.routing.js.map
D:\hadi\YounesCo\YounesCo-SPA\dist\out-tsc\src\app\Global\BrandsLogo\BrandsLogo.component.js
D:\hadi\YounesCo\YounesCo-SPA\dist\out-tsc\src\app\Global\BrandsLogo\BrandsLogo.component.js.map
D:\hadi\YounesCo\YounesCo-SPA\dist\out-tsc\src\app\Global\Sales\Sales.component.js
D:\hadi\YounesCo\YounesCo-SPA\dist\out-tsc\src\app\Global\Sales\Sales.component.js.map
D:\hadi\YounesCo\YounesCo-SPA\dist\out-tsc\src\app\Global\Features\Features.component.js
D:\hadi\YounesCo\YounesCo-SPA\dist\out-tsc\src\app\Global\Features\Features.component.js.map
D:\hadi\YounesCo\YounesCo-SPA\dist\out-tsc\src\app\Global\Subscribe\SubscribeOne\SubscribeOne.component.js
D:\hadi\YounesCo\YounesCo-SPA\dist\out-tsc\src\app\Global\Subscribe\SubscribeOne\SubscribeOne.component.js.map
D:\hadi\YounesCo\YounesCo-SPA\dist\out-tsc\src\app\Global\DealOfTheDay\DealOfTheDay.component.js
D:\hadi\YounesCo\YounesCo-SPA\dist\out-tsc\src\app\Global\DealOfTheDay\DealOfTheDay.component.js.map
D:\hadi\YounesCo\YounesCo-SPA\dist\out-tsc\src\app\Global\SocialShare\SocialShare.component.js
D:\hadi\YounesCo\YounesCo-SPA\dist\out-tsc\src\app\Global\SocialShare\SocialShare.component.js.map
D:\hadi\YounesCo\YounesCo-SPA\dist\out-tsc\src\app\Global\Rating\Rating.component.js
D:\hadi\YounesCo\YounesCo-SPA\dist\out-tsc\src\app\Global\Rating\Rating.component.js.map
D:\hadi\YounesCo\YounesCo-SPA\dist\out-tsc\src\app\Global\AddToCardButton\AddToCardButton.component.js
D:\hadi\YounesCo\YounesCo-SPA\dist\out-tsc\src\app\Global\AddToCardButton\AddToCardButton.component.js.map
D:\hadi\YounesCo\YounesCo-SPA\dist\out-tsc\src\app\Global\HeaderCart\HeaderCart.component.js
D:\hadi\YounesCo\YounesCo-SPA\dist\out-tsc\src\app\Global\HeaderCart\HeaderCart.component.js.map
D:\hadi\YounesCo\YounesCo-SPA\dist\out-tsc\src\app\Global\WishList\WishList.component.js
D:\hadi\YounesCo\YounesCo-SPA\dist\out-tsc\src\app\Global\WishList\WishList.component.js.map
D:\hadi\YounesCo\YounesCo-SPA\dist\out-tsc\src\app\Global\PageTitle\PageTitle.component.js
D:\hadi\YounesCo\YounesCo-SPA\dist\out-tsc\src\app\Global\PageTitle\PageTitle.component.js.map
D:\hadi\YounesCo\YounesCo-SPA\dist\out-tsc\src\app\Global\Slider\HomePageOneSlider\HomePageOneSlider.component.js
D:\hadi\YounesCo\YounesCo-SPA\dist\out-tsc\src\app\Global\Slider\HomePageOneSlider\HomePageOneSlider.component.js.map
D:\hadi\YounesCo\YounesCo-SPA\dist\out-tsc\src\app\Global\TimerCountDown\TimerCountDown.component.js
D:\hadi\YounesCo\YounesCo-SPA\dist\out-tsc\src\app\Global\TimerCountDown\TimerCountDown.component.js.map
D:\hadi\YounesCo\YounesCo-SPA\dist\out-tsc\src\app\Global\Map\Map.component.js
D:\hadi\YounesCo\YounesCo-SPA\dist\out-tsc\src\app\Global\Map\Map.component.js.map
D:\hadi\YounesCo\YounesCo-SPA\dist\out-tsc\src\app\Global\CurrencyDropDown\CurrencyDropDown.component.js
D:\hadi\YounesCo\YounesCo-SPA\dist\out-tsc\src\app\Global\CurrencyDropDown\CurrencyDropDown.component.js.map
D:\hadi\YounesCo\YounesCo-SPA\dist\out-tsc\src\app\Global\LanguageDropDown\LanguageDropDown.component.js
D:\hadi\YounesCo\YounesCo-SPA\dist\out-tsc\src\app\Global\LanguageDropDown\LanguageDropDown.component.js.map
D:\hadi\YounesCo\YounesCo-SPA\dist\out-tsc\src\app\Global\Testimonial\Testimonial.component.js
D:\hadi\YounesCo\YounesCo-SPA\dist\out-tsc\src\app\Global\Testimonial\Testimonial.component.js.map
D:\hadi\YounesCo\YounesCo-SPA\dist\out-tsc\src\app\Global\Team\Team.component.js
D:\hadi\YounesCo\YounesCo-SPA\dist\out-tsc\src\app\Global\Team\Team.component.js.map
D:\hadi\YounesCo\YounesCo-SPA\dist\out-tsc\src\app\Global\ContactForm\ContactForm.component.js
D:\hadi\YounesCo\YounesCo-SPA\dist\out-tsc\src\app\Global\ContactForm\ContactForm.component.js.map
D:\hadi\YounesCo\YounesCo-SPA\dist\out-tsc\src\app\Global\MissionVision\MissionVision.component.js
D:\hadi\YounesCo\YounesCo-SPA\dist\out-tsc\src\app\Global\MissionVision\MissionVision.component.js.map
D:\hadi\YounesCo\YounesCo-SPA\dist\out-tsc\src\app\Global\AboutInfo\AboutInfo.component.js
D:\hadi\YounesCo\YounesCo-SPA\dist\out-tsc\src\app\Global\AboutInfo\AboutInfo.component.js.map
D:\hadi\YounesCo\YounesCo-SPA\dist\out-tsc\src\app\Global\ImgZoom\ImgZoom.component.js
D:\hadi\YounesCo\YounesCo-SPA\dist\out-tsc\src\app\Global\ImgZoom\ImgZoom.component.js.map
D:\hadi\YounesCo\YounesCo-SPA\dist\out-tsc\src\app\Global\CommonSignIn\CommonSignIn.component.js
D:\hadi\YounesCo\YounesCo-SPA\dist\out-tsc\src\app\Global\CommonSignIn\CommonSignIn.component.js.map
D:\hadi\YounesCo\YounesCo-SPA\dist\out-tsc\src\app\Global\ProductCard\ProductCard.component.js
D:\hadi\YounesCo\YounesCo-SPA\dist\out-tsc\src\app\Global\ProductCard\ProductCard.component.js.map
D:\hadi\YounesCo\YounesCo-SPA\dist\out-tsc\src\app\AdminPanel\Interfaces\Address.js
D:\hadi\YounesCo\YounesCo-SPA\dist\out-tsc\src\app\AdminPanel\Interfaces\Address.js.map
D:\hadi\YounesCo\YounesCo-SPA\dist\out-tsc\src\app\AdminPanel\Interfaces\Category.js
D:\hadi\YounesCo\YounesCo-SPA\dist\out-tsc\src\app\AdminPanel\Interfaces\Category.js.map
D:\hadi\YounesCo\YounesCo-SPA\dist\out-tsc\src\app\AdminPanel\Interfaces\Image.js
D:\hadi\YounesCo\YounesCo-SPA\dist\out-tsc\src\app\AdminPanel\Interfaces\Image.js.map
D:\hadi\YounesCo\YounesCo-SPA\dist\out-tsc\src\app\AdminPanel\Interfaces\Color.js
D:\hadi\YounesCo\YounesCo-SPA\dist\out-tsc\src\app\AdminPanel\Interfaces\Color.js.map
D:\hadi\YounesCo\YounesCo-SPA\dist\out-tsc\src\app\AdminPanel\Interfaces\Favorite.js
D:\hadi\YounesCo\YounesCo-SPA\dist\out-tsc\src\app\AdminPanel\Interfaces\Favorite.js.map
D:\hadi\YounesCo\YounesCo-SPA\dist\out-tsc\src\app\AdminPanel\Interfaces\Product.js
D:\hadi\YounesCo\YounesCo-SPA\dist\out-tsc\src\app\AdminPanel\Interfaces\Product.js.map
D:\hadi\YounesCo\YounesCo-SPA\dist\out-tsc\src\app\AdminPanel\Interfaces\OrderItem.js
D:\hadi\YounesCo\YounesCo-SPA\dist\out-tsc\src\app\AdminPanel\Interfaces\OrderItem.js.map
D:\hadi\YounesCo\YounesCo-SPA\dist\out-tsc\src\app\AdminPanel\Interfaces\Order.js
D:\hadi\YounesCo\YounesCo-SPA\dist\out-tsc\src\app\AdminPanel\Interfaces\Order.js.map
D:\hadi\YounesCo\YounesCo-SPA\dist\out-tsc\src\app\AdminPanel\Interfaces\User.js
D:\hadi\YounesCo\YounesCo-SPA\dist\out-tsc\src\app\AdminPanel\Interfaces\User.js.map
D:\hadi\YounesCo\YounesCo-SPA\dist\out-tsc\src\app\AdminPanel\Interfaces\ResetPassword.js
D:\hadi\YounesCo\YounesCo-SPA\dist\out-tsc\src\app\AdminPanel\Interfaces\ResetPassword.js.map
D:\hadi\YounesCo\YounesCo-SPA\dist\out-tsc\src\app\Services\account.service.js
D:\hadi\YounesCo\YounesCo-SPA\dist\out-tsc\src\app\Services\account.service.js.map
D:\hadi\YounesCo\YounesCo-SPA\dist\out-tsc\src\app\Global\HeaderUserProfileDropdown\HeaderUserProfileDropdown.component.js
D:\hadi\YounesCo\YounesCo-SPA\dist\out-tsc\src\app\Global\HeaderUserProfileDropdown\HeaderUserProfileDropdown.component.js.map
D:\hadi\YounesCo\YounesCo-SPA\dist\out-tsc\src\app\Global\AppLogo\AppLogo.component.js
D:\hadi\YounesCo\YounesCo-SPA\dist\out-tsc\src\app\Global\AppLogo\AppLogo.component.js.map
D:\hadi\YounesCo\YounesCo-SPA\dist\out-tsc\src\app\Global\LighteningDeals\LighteningDeals.component.js
D:\hadi\YounesCo\YounesCo-SPA\dist\out-tsc\src\app\Global\LighteningDeals\LighteningDeals.component.js.map
D:\hadi\YounesCo\YounesCo-SPA\dist\out-tsc\src\app\Global\TopProducts\TopProducts.component.js
D:\hadi\YounesCo\YounesCo-SPA\dist\out-tsc\src\app\Global\TopProducts\TopProducts.component.js.map
D:\hadi\YounesCo\YounesCo-SPA\dist\out-tsc\src\app\Global\Subscribe\SubscribeTwo\SubscribeTwo.component.js
D:\hadi\YounesCo\YounesCo-SPA\dist\out-tsc\src\app\Global\Subscribe\SubscribeTwo\SubscribeTwo.component.js.map
D:\hadi\YounesCo\YounesCo-SPA\dist\out-tsc\src\app\Global\Slider\HomePageTwoSlider\HomePageTwoSlider.component.js
D:\hadi\YounesCo\YounesCo-SPA\dist\out-tsc\src\app\Global\Slider\HomePageTwoSlider\HomePageTwoSlider.component.js.map
D:\hadi\YounesCo\YounesCo-SPA\dist\out-tsc\src\app\Global\CallToAction\CTA-Group\CTA-Group.component.js
D:\hadi\YounesCo\YounesCo-SPA\dist\out-tsc\src\app\Global\CallToAction\CTA-Group\CTA-Group.component.js.map
D:\hadi\YounesCo\YounesCo-SPA\dist\out-tsc\src\app\Global\CallToAction\CTA-Two\CTA-Two.component.js
D:\hadi\YounesCo\YounesCo-SPA\dist\out-tsc\src\app\Global\CallToAction\CTA-Two\CTA-Two.component.js.map
D:\hadi\YounesCo\YounesCo-SPA\dist\out-tsc\src\app\Global\CollectionGallery\CollectionGallery.component.js
D:\hadi\YounesCo\YounesCo-SPA\dist\out-tsc\src\app\Global\CollectionGallery\CollectionGallery.component.js.map
D:\hadi\YounesCo\YounesCo-SPA\dist\out-tsc\src\app\Global\ProductCategoryCard\ProductCategoryCard.component.js
D:\hadi\YounesCo\YounesCo-SPA\dist\out-tsc\src\app\Global\ProductCategoryCard\ProductCategoryCard.component.js.map
D:\hadi\YounesCo\YounesCo-SPA\dist\out-tsc\src\app\Global\CallToAction\CTA-SingleBanner\CTA-SingleBanner.component.js
D:\hadi\YounesCo\YounesCo-SPA\dist\out-tsc\src\app\Global\CallToAction\CTA-SingleBanner\CTA-SingleBanner.component.js.map
D:\hadi\YounesCo\YounesCo-SPA\dist\out-tsc\src\app\Global\DownloadAppSection\DownloadAppSection.component.js
D:\hadi\YounesCo\YounesCo-SPA\dist\out-tsc\src\app\Global\DownloadAppSection\DownloadAppSection.component.js.map
D:\hadi\YounesCo\YounesCo-SPA\dist\out-tsc\src\app\Global\Slider\HomePageThreeSlider\HomePageThreeSlider.component.js
D:\hadi\YounesCo\YounesCo-SPA\dist\out-tsc\src\app\Global\Slider\HomePageThreeSlider\HomePageThreeSlider.component.js.map
D:\hadi\YounesCo\YounesCo-SPA\dist\out-tsc\src\app\Global\NewProductsCard\NewProductsCard.component.js
D:\hadi\YounesCo\YounesCo-SPA\dist\out-tsc\src\app\Global\NewProductsCard\NewProductsCard.component.js.map
D:\hadi\YounesCo\YounesCo-SPA\dist\out-tsc\src\app\Global\Global.module.js
D:\hadi\YounesCo\YounesCo-SPA\dist\out-tsc\src\app\Global\Global.module.js.map
D:\hadi\YounesCo\YounesCo-SPA\dist\out-tsc\src\app\Templates\Grid\ProductGrid\ProductGrid.component.js
D:\hadi\YounesCo\YounesCo-SPA\dist\out-tsc\src\app\Templates\Grid\ProductGrid\ProductGrid.component.js.map
D:\hadi\YounesCo\YounesCo-SPA\dist\out-tsc\src\app\Templates\Grid\Grid3\Grid3.component.js
D:\hadi\YounesCo\YounesCo-SPA\dist\out-tsc\src\app\Templates\Grid\Grid3\Grid3.component.js.map
D:\hadi\YounesCo\YounesCo-SPA\dist\out-tsc\src\app\Templates\Review\Review.component.js
D:\hadi\YounesCo\YounesCo-SPA\dist\out-tsc\src\app\Templates\Review\Review.component.js.map
D:\hadi\YounesCo\YounesCo-SPA\dist\out-tsc\src\app\Templates\ShopDetails\ShopDetails.component.js
D:\hadi\YounesCo\YounesCo-SPA\dist\out-tsc\src\app\Templates\ShopDetails\ShopDetails.component.js.map
D:\hadi\YounesCo\YounesCo-SPA\dist\out-tsc\src\app\Templates\Templates.module.js
D:\hadi\YounesCo\YounesCo-SPA\dist\out-tsc\src\app\Templates\Templates.module.js.map
D:\hadi\YounesCo\YounesCo-SPA\dist\out-tsc\src\app\Pages\Products\Products.module.js
D:\hadi\YounesCo\YounesCo-SPA\dist\out-tsc\src\app\Pages\Products\Products.module.js.map
D:\hadi\YounesCo\YounesCo-SPA\dist\out-tsc\src\app\Pages\Session\Register\Register.component.js
D:\hadi\YounesCo\YounesCo-SPA\dist\out-tsc\src\app\Pages\Session\Register\Register.component.js.map
D:\hadi\YounesCo\YounesCo-SPA\dist\out-tsc\src\app\Pages\Session\SignIn\SignIn.component.js
D:\hadi\YounesCo\YounesCo-SPA\dist\out-tsc\src\app\Pages\Session\SignIn\SignIn.component.js.map
D:\hadi\YounesCo\YounesCo-SPA\dist\out-tsc\src\app\Pages\Session\ForgotPassword\ForgotPassword.component.js
D:\hadi\YounesCo\YounesCo-SPA\dist\out-tsc\src\app\Pages\Session\ForgotPassword\ForgotPassword.component.js.map
D:\hadi\YounesCo\YounesCo-SPA\dist\out-tsc\src\app\Pages\Session\ThankYou\ThankYou.component.js
D:\hadi\YounesCo\YounesCo-SPA\dist\out-tsc\src\app\Pages\Session\ThankYou\ThankYou.component.js.map
D:\hadi\YounesCo\YounesCo-SPA\dist\out-tsc\src\app\Pages\Session\ResetPassword\ResetPassword.component.js
D:\hadi\YounesCo\YounesCo-SPA\dist\out-tsc\src\app\Pages\Session\ResetPassword\ResetPassword.component.js.map
D:\hadi\YounesCo\YounesCo-SPA\dist\out-tsc\src\app\Pages\Session\Session.routing.js
D:\hadi\YounesCo\YounesCo-SPA\dist\out-tsc\src\app\Pages\Session\Session.routing.js.map
D:\hadi\YounesCo\YounesCo-SPA\dist\out-tsc\src\app\Pages\Session\Session.module.js
D:\hadi\YounesCo\YounesCo-SPA\dist\out-tsc\src\app\Pages\Session\Session.module.js.map
D:\hadi\YounesCo\YounesCo-SPA\dist\out-tsc\src\app\Pages\Checkout\Signin\Signin.component.js
D:\hadi\YounesCo\YounesCo-SPA\dist\out-tsc\src\app\Pages\Checkout\Signin\Signin.component.js.map
D:\hadi\YounesCo\YounesCo-SPA\dist\out-tsc\src\app\Pages\Checkout\Payment\Payment.component.js
D:\hadi\YounesCo\YounesCo-SPA\dist\out-tsc\src\app\Pages\Checkout\Payment\Payment.component.js.map
D:\hadi\YounesCo\YounesCo-SPA\dist\out-tsc\src\app\Pages\Checkout\FinalReceipt\FinalReceipt.component.js
D:\hadi\YounesCo\YounesCo-SPA\dist\out-tsc\src\app\Pages\Checkout\FinalReceipt\FinalReceipt.component.js.map
D:\hadi\YounesCo\YounesCo-SPA\dist\out-tsc\src\app\Pages\Checkout\Checkout.routing.js
D:\hadi\YounesCo\YounesCo-SPA\dist\out-tsc\src\app\Pages\Checkout\Checkout.routing.js.map
D:\hadi\YounesCo\YounesCo-SPA\dist\out-tsc\src\app\Pages\Checkout\Checkout.module.js
D:\hadi\YounesCo\YounesCo-SPA\dist\out-tsc\src\app\Pages\Checkout\Checkout.module.js.map
D:\hadi\YounesCo\YounesCo-SPA\dist\out-tsc\src\app\Pages\About\AboutUs\AboutUs.component.js
D:\hadi\YounesCo\YounesCo-SPA\dist\out-tsc\src\app\Pages\About\AboutUs\AboutUs.component.js.map
D:\hadi\YounesCo\YounesCo-SPA\dist\out-tsc\src\app\Pages\About\Contact\Contact.component.js
D:\hadi\YounesCo\YounesCo-SPA\dist\out-tsc\src\app\Pages\About\Contact\Contact.component.js.map
D:\hadi\YounesCo\YounesCo-SPA\dist\out-tsc\src\app\Pages\About\Faq\Faq.component.js
D:\hadi\YounesCo\YounesCo-SPA\dist\out-tsc\src\app\Pages\About\Faq\Faq.component.js.map
D:\hadi\YounesCo\YounesCo-SPA\dist\out-tsc\src\app\Pages\About\TermAndCondition\TermAndCondition.component.js
D:\hadi\YounesCo\YounesCo-SPA\dist\out-tsc\src\app\Pages\About\TermAndCondition\TermAndCondition.component.js.map
D:\hadi\YounesCo\YounesCo-SPA\dist\out-tsc\src\app\Pages\About\PrivacyPolicy\PrivacyPolicy.component.js
D:\hadi\YounesCo\YounesCo-SPA\dist\out-tsc\src\app\Pages\About\PrivacyPolicy\PrivacyPolicy.component.js.map
D:\hadi\YounesCo\YounesCo-SPA\dist\out-tsc\src\app\Pages\About\About.routing.js
D:\hadi\YounesCo\YounesCo-SPA\dist\out-tsc\src\app\Pages\About\About.routing.js.map
D:\hadi\YounesCo\YounesCo-SPA\dist\out-tsc\src\app\Pages\About\About.module.js
D:\hadi\YounesCo\YounesCo-SPA\dist\out-tsc\src\app\Pages\About\About.module.js.map
D:\hadi\YounesCo\YounesCo-SPA\dist\out-tsc\src\app\Pages\Blogs\Details\Details.component.js
D:\hadi\YounesCo\YounesCo-SPA\dist\out-tsc\src\app\Pages\Blogs\Details\Details.component.js.map
D:\hadi\YounesCo\YounesCo-SPA\dist\out-tsc\src\app\Pages\Blogs\Blogs.routing.js
D:\hadi\YounesCo\YounesCo-SPA\dist\out-tsc\src\app\Pages\Blogs\Blogs.routing.js.map
D:\hadi\YounesCo\YounesCo-SPA\dist\out-tsc\src\app\Pages\Blogs\Blogs.module.js
D:\hadi\YounesCo\YounesCo-SPA\dist\out-tsc\src\app\Pages\Blogs\Blogs.module.js.map
D:\hadi\YounesCo\YounesCo-SPA\dist\out-tsc\src\app\Pages\UserAccount\Account\Account.component.js
D:\hadi\YounesCo\YounesCo-SPA\dist\out-tsc\src\app\Pages\UserAccount\Account\Account.component.js.map
D:\hadi\YounesCo\YounesCo-SPA\dist\out-tsc\src\app\Pages\UserAccount\Profile\Profile.component.js
D:\hadi\YounesCo\YounesCo-SPA\dist\out-tsc\src\app\Pages\UserAccount\Profile\Profile.component.js.map
D:\hadi\YounesCo\YounesCo-SPA\dist\out-tsc\src\app\Pages\UserAccount\EditProfile\EditProfile.component.js
D:\hadi\YounesCo\YounesCo-SPA\dist\out-tsc\src\app\Pages\UserAccount\EditProfile\EditProfile.component.js.map
D:\hadi\YounesCo\YounesCo-SPA\dist\out-tsc\src\app\Pages\UserAccount\Cards\Cards.component.js
D:\hadi\YounesCo\YounesCo-SPA\dist\out-tsc\src\app\Pages\UserAccount\Cards\Cards.component.js.map
D:\hadi\YounesCo\YounesCo-SPA\dist\out-tsc\src\app\Pages\UserAccount\Address\Address.component.js
D:\hadi\YounesCo\YounesCo-SPA\dist\out-tsc\src\app\Pages\UserAccount\Address\Address.component.js.map
D:\hadi\YounesCo\YounesCo-SPA\dist\out-tsc\src\app\Pages\UserAccount\OrderHistory\OrderHistory.component.js
D:\hadi\YounesCo\YounesCo-SPA\dist\out-tsc\src\app\Pages\UserAccount\OrderHistory\OrderHistory.component.js.map
D:\hadi\YounesCo\YounesCo-SPA\dist\out-tsc\src\app\Pages\UserAccount\GridProduct\GridProduct.component.js
D:\hadi\YounesCo\YounesCo-SPA\dist\out-tsc\src\app\Pages\UserAccount\GridProduct\GridProduct.component.js.map
D:\hadi\YounesCo\YounesCo-SPA\dist\out-tsc\src\app\Pages\UserAccount\UserAccount.routing.js
D:\hadi\YounesCo\YounesCo-SPA\dist\out-tsc\src\app\Pages\UserAccount\UserAccount.routing.js.map
D:\hadi\YounesCo\YounesCo-SPA\dist\out-tsc\src\app\Pages\UserAccount\UserAccount.module.js
D:\hadi\YounesCo\YounesCo-SPA\dist\out-tsc\src\app\Pages\UserAccount\UserAccount.module.js.map
D:\hadi\YounesCo\YounesCo-SPA\dist\out-tsc\src\app\app-routing.js
D:\hadi\YounesCo\YounesCo-SPA\dist\out-tsc\src\app\app-routing.js.map
D:\hadi\YounesCo\YounesCo-SPA\dist\out-tsc\src\app\app.component.js
D:\hadi\YounesCo\YounesCo-SPA\dist\out-tsc\src\app\app.component.js.map
D:\hadi\YounesCo\YounesCo-SPA\dist\out-tsc\src\app\Layouts\Header\HeaderOne\HeaderOne.component.js
D:\hadi\YounesCo\YounesCo-SPA\dist\out-tsc\src\app\Layouts\Header\HeaderOne\HeaderOne.component.js.map
D:\hadi\YounesCo\YounesCo-SPA\dist\out-tsc\src\app\Layouts\Header\HeaderTwo\HeaderTwo.component.js
D:\hadi\YounesCo\YounesCo-SPA\dist\out-tsc\src\app\Layouts\Header\HeaderTwo\HeaderTwo.component.js.map
D:\hadi\YounesCo\YounesCo-SPA\dist\out-tsc\src\app\Layouts\Header\HeaderThree\HeaderThree.component.js
D:\hadi\YounesCo\YounesCo-SPA\dist\out-tsc\src\app\Layouts\Header\HeaderThree\HeaderThree.component.js.map
D:\hadi\YounesCo\YounesCo-SPA\dist\out-tsc\src\app\Layouts\Footer\FooterOne\FooterOne.component.js
D:\hadi\YounesCo\YounesCo-SPA\dist\out-tsc\src\app\Layouts\Footer\FooterOne\FooterOne.component.js.map
D:\hadi\YounesCo\YounesCo-SPA\dist\out-tsc\src\app\Layouts\Footer\FooterTwo\FooterTwo.component.js
D:\hadi\YounesCo\YounesCo-SPA\dist\out-tsc\src\app\Layouts\Footer\FooterTwo\FooterTwo.component.js.map
D:\hadi\YounesCo\YounesCo-SPA\dist\out-tsc\src\app\Layouts\Menu\Menu\Menu.component.js
D:\hadi\YounesCo\YounesCo-SPA\dist\out-tsc\src\app\Layouts\Menu\Menu\Menu.component.js.map
D:\hadi\YounesCo\YounesCo-SPA\dist\out-tsc\src\app\Layouts\Menu\SidebarMenu\SidebarMenu.component.js
D:\hadi\YounesCo\YounesCo-SPA\dist\out-tsc\src\app\Layouts\Menu\SidebarMenu\SidebarMenu.component.js.map
D:\hadi\YounesCo\YounesCo-SPA\dist\out-tsc\src\app\Layouts\PaymentDetailSideBar\PaymentDetailSideBar.component.js
D:\hadi\YounesCo\YounesCo-SPA\dist\out-tsc\src\app\Layouts\PaymentDetailSideBar\PaymentDetailSideBar.component.js.map
D:\hadi\YounesCo\YounesCo-SPA\dist\out-tsc\src\app\Layouts\Header\FixedHeader\FixedHeader.component.js
D:\hadi\YounesCo\YounesCo-SPA\dist\out-tsc\src\app\Layouts\Header\FixedHeader\FixedHeader.component.js.map
D:\hadi\YounesCo\YounesCo-SPA\dist\out-tsc\src\app\AdminPanel\Widget\PopUp\DeleteListDialog\DeleteListDialog.component.js
D:\hadi\YounesCo\YounesCo-SPA\dist\out-tsc\src\app\AdminPanel\Widget\PopUp\DeleteListDialog\DeleteListDialog.component.js.map
D:\hadi\YounesCo\YounesCo-SPA\dist\out-tsc\src\app\AdminPanel\Widget\PopUp\SeeListDialog\SeeListDialog.component.js
D:\hadi\YounesCo\YounesCo-SPA\dist\out-tsc\src\app\AdminPanel\Widget\PopUp\SeeListDialog\SeeListDialog.component.js.map
D:\hadi\YounesCo\YounesCo-SPA\dist\out-tsc\src\app\AdminPanel\Widget\PopUp\AddNewUser\AddNewUser.component.js
D:\hadi\YounesCo\YounesCo-SPA\dist\out-tsc\src\app\AdminPanel\Widget\PopUp\AddNewUser\AddNewUser.component.js.map
D:\hadi\YounesCo\YounesCo-SPA\dist\out-tsc\src\app\AdminPanel\Service\AdminPanelService.service.js
D:\hadi\YounesCo\YounesCo-SPA\dist\out-tsc\src\app\AdminPanel\Service\AdminPanelService.service.js.map
D:\hadi\YounesCo\YounesCo-SPA\dist\out-tsc\src\app\AdminPanel\Main\Main.component.js
D:\hadi\YounesCo\YounesCo-SPA\dist\out-tsc\src\app\AdminPanel\Main\Main.component.js.map
D:\hadi\YounesCo\YounesCo-SPA\dist\out-tsc\src\app\AdminPanel\Core\Menu\MenuToggle\MenuToggle.directive.js
D:\hadi\YounesCo\YounesCo-SPA\dist\out-tsc\src\app\AdminPanel\Core\Menu\MenuToggle\MenuToggle.directive.js.map
D:\hadi\YounesCo\YounesCo-SPA\dist\out-tsc\src\app\AdminPanel\Core\Menu\MenuToggle\MenuToggleLink.directive.js
D:\hadi\YounesCo\YounesCo-SPA\dist\out-tsc\src\app\AdminPanel\Core\Menu\MenuToggle\MenuToggleLink.directive.js.map
D:\hadi\YounesCo\YounesCo-SPA\dist\out-tsc\src\app\AdminPanel\Core\Menu\MenuToggle\MenuToggleAnchor.directive.js
D:\hadi\YounesCo\YounesCo-SPA\dist\out-tsc\src\app\AdminPanel\Core\Menu\MenuToggle\MenuToggleAnchor.directive.js.map
D:\hadi\YounesCo\YounesCo-SPA\dist\out-tsc\src\app\AdminPanel\Core\Menu\MenuToggle\index.js
D:\hadi\YounesCo\YounesCo-SPA\dist\out-tsc\src\app\AdminPanel\Core\Menu\MenuToggle\index.js.map
D:\hadi\YounesCo\YounesCo-SPA\dist\out-tsc\src\app\AdminPanel\Core\Menu\MenuToggle.module.js
D:\hadi\YounesCo\YounesCo-SPA\dist\out-tsc\src\app\AdminPanel\Core\Menu\MenuToggle.module.js.map
D:\hadi\YounesCo\YounesCo-SPA\dist\out-tsc\src\app\AdminPanel\Core\Menu\MenuItems\MenuItems.js
D:\hadi\YounesCo\YounesCo-SPA\dist\out-tsc\src\app\AdminPanel\Core\Menu\MenuItems\MenuItems.js.map
D:\hadi\YounesCo\YounesCo-SPA\dist\out-tsc\src\app\AdminPanel\Shared\SideBar\SideBar.component.js
D:\hadi\YounesCo\YounesCo-SPA\dist\out-tsc\src\app\AdminPanel\Shared\SideBar\SideBar.component.js.map
D:\hadi\YounesCo\YounesCo-SPA\dist\out-tsc\src\app\AdminPanel\Shared\MenuListItems\MenuListItems.component.js
D:\hadi\YounesCo\YounesCo-SPA\dist\out-tsc\src\app\AdminPanel\Shared\MenuListItems\MenuListItems.component.js.map
D:\hadi\YounesCo\YounesCo-SPA\dist\out-tsc\src\app\AdminPanel\Shared\Header\Header.component.js
D:\hadi\YounesCo\YounesCo-SPA\dist\out-tsc\src\app\AdminPanel\Shared\Header\Header.component.js.map
D:\hadi\YounesCo\YounesCo-SPA\dist\out-tsc\src\app\AdminPanel\Widget\TitleComponent\TitleComponent.component.js
D:\hadi\YounesCo\YounesCo-SPA\dist\out-tsc\src\app\AdminPanel\Widget\TitleComponent\TitleComponent.component.js.map
D:\hadi\YounesCo\YounesCo-SPA\dist\out-tsc\src\app\AdminPanel\Widget\Menu\TopsideMenu\TopsideMenu.component.js
D:\hadi\YounesCo\YounesCo-SPA\dist\out-tsc\src\app\AdminPanel\Widget\Menu\TopsideMenu\TopsideMenu.component.js.map
D:\hadi\YounesCo\YounesCo-SPA\dist\out-tsc\src\app\AdminPanel\Widget\HeaderUserProfileDropdown\HeaderUserProfileDropdown.component.js
D:\hadi\YounesCo\YounesCo-SPA\dist\out-tsc\src\app\AdminPanel\Widget\HeaderUserProfileDropdown\HeaderUserProfileDropdown.component.js.map
D:\hadi\YounesCo\YounesCo-SPA\dist\out-tsc\src\app\AdminPanel\Widget\Widget.module.js
D:\hadi\YounesCo\YounesCo-SPA\dist\out-tsc\src\app\AdminPanel\Widget\Widget.module.js.map
D:\hadi\YounesCo\YounesCo-SPA\dist\out-tsc\src\app\_resolvers\current-user.resolver.js
D:\hadi\YounesCo\YounesCo-SPA\dist\out-tsc\src\app\_resolvers\current-user.resolver.js.map
D:\hadi\YounesCo\YounesCo-SPA\dist\out-tsc\src\app\AdminPanel\Invoices\Invoices\Invoices.component.js
D:\hadi\YounesCo\YounesCo-SPA\dist\out-tsc\src\app\AdminPanel\Invoices\Invoices\Invoices.component.js.map
D:\hadi\YounesCo\YounesCo-SPA\dist\out-tsc\src\app\AdminPanel\Invoices\Invoices.routing.js
D:\hadi\YounesCo\YounesCo-SPA\dist\out-tsc\src\app\AdminPanel\Invoices\Invoices.routing.js.map
D:\hadi\YounesCo\YounesCo-SPA\dist\out-tsc\src\app\AdminPanel\Invoices\Invoices.module.js
D:\hadi\YounesCo\YounesCo-SPA\dist\out-tsc\src\app\AdminPanel\Invoices\Invoices.module.js.map
D:\hadi\YounesCo\YounesCo-SPA\dist\out-tsc\src\app\AdminPanel\Products\EditProduct\EditProduct.component.js
D:\hadi\YounesCo\YounesCo-SPA\dist\out-tsc\src\app\AdminPanel\Products\EditProduct\EditProduct.component.js.map
D:\hadi\YounesCo\YounesCo-SPA\dist\out-tsc\src\app\AdminPanel\Products\AddProduct\AddProduct.component.js
D:\hadi\YounesCo\YounesCo-SPA\dist\out-tsc\src\app\AdminPanel\Products\AddProduct\AddProduct.component.js.map
D:\hadi\YounesCo\YounesCo-SPA\dist\out-tsc\src\app\AdminPanel\Products\Products\Products.component.js
D:\hadi\YounesCo\YounesCo-SPA\dist\out-tsc\src\app\AdminPanel\Products\Products\Products.component.js.map
D:\hadi\YounesCo\YounesCo-SPA\dist\out-tsc\src\app\AdminPanel\Products\Products.routing.js
D:\hadi\YounesCo\YounesCo-SPA\dist\out-tsc\src\app\AdminPanel\Products\Products.routing.js.map
D:\hadi\YounesCo\YounesCo-SPA\dist\out-tsc\src\app\AdminPanel\Products\Products.module.js
D:\hadi\YounesCo\YounesCo-SPA\dist\out-tsc\src\app\AdminPanel\Products\Products.module.js.map
D:\hadi\YounesCo\YounesCo-SPA\dist\out-tsc\src\app\AdminPanel\AdminAccount\Account\Account.component.js
D:\hadi\YounesCo\YounesCo-SPA\dist\out-tsc\src\app\AdminPanel\AdminAccount\Account\Account.component.js.map
D:\hadi\YounesCo\YounesCo-SPA\dist\out-tsc\src\app\AdminPanel\AdminAccount\Collaboration\Collaboration.component.js
D:\hadi\YounesCo\YounesCo-SPA\dist\out-tsc\src\app\AdminPanel\AdminAccount\Collaboration\Collaboration.component.js.map
D:\hadi\YounesCo\YounesCo-SPA\dist\out-tsc\src\app\AdminPanel\AdminAccount\EditProfile\EditProfile.component.js
D:\hadi\YounesCo\YounesCo-SPA\dist\out-tsc\src\app\AdminPanel\AdminAccount\EditProfile\EditProfile.component.js.map
D:\hadi\YounesCo\YounesCo-SPA\dist\out-tsc\src\app\AdminPanel\AdminAccount\Profile\Profile.component.js
D:\hadi\YounesCo\YounesCo-SPA\dist\out-tsc\src\app\AdminPanel\AdminAccount\Profile\Profile.component.js.map
D:\hadi\YounesCo\YounesCo-SPA\dist\out-tsc\src\app\AdminPanel\AdminAccount\AdminAccount.routing.js
D:\hadi\YounesCo\YounesCo-SPA\dist\out-tsc\src\app\AdminPanel\AdminAccount\AdminAccount.routing.js.map
D:\hadi\YounesCo\YounesCo-SPA\dist\out-tsc\src\app\AdminPanel\AdminAccount\AdminAccount.module.js
D:\hadi\YounesCo\YounesCo-SPA\dist\out-tsc\src\app\AdminPanel\AdminAccount\AdminAccount.module.js.map
D:\hadi\YounesCo\YounesCo-SPA\dist\out-tsc\src\app\AdminPanel\admin-panel-routing.js
D:\hadi\YounesCo\YounesCo-SPA\dist\out-tsc\src\app\AdminPanel\admin-panel-routing.js.map
D:\hadi\YounesCo\YounesCo-SPA\dist\out-tsc\src\app\_helper\jwt.Interceptor.js
D:\hadi\YounesCo\YounesCo-SPA\dist\out-tsc\src\app\_helper\jwt.Interceptor.js.map
D:\hadi\YounesCo\YounesCo-SPA\dist\out-tsc\src\app\AdminPanel\admin-panel.module.js
D:\hadi\YounesCo\YounesCo-SPA\dist\out-tsc\src\app\AdminPanel\admin-panel.module.js.map
D:\hadi\YounesCo\YounesCo-SPA\dist\out-tsc\src\app\app.module.js
D:\hadi\YounesCo\YounesCo-SPA\dist\out-tsc\src\app\app.module.js.map
D:\hadi\YounesCo\YounesCo-SPA\dist\out-tsc\src\app\Services\translate-universal-loader.service.js
D:\hadi\YounesCo\YounesCo-SPA\dist\out-tsc\src\app\Services\translate-universal-loader.service.js.map
D:\hadi\YounesCo\YounesCo-SPA\dist\out-tsc\src\app\app.server.module.js
D:\hadi\YounesCo\YounesCo-SPA\dist\out-tsc\src\app\app.server.module.js.map
D:\hadi\YounesCo\YounesCo-SPA\dist\out-tsc\src\main.server.js
D:\hadi\YounesCo\YounesCo-SPA\dist\out-tsc\src\main.server.js.map
D:\hadi\YounesCo\YounesCo-SPA\dist\out-tsc\src\main.js
D:\hadi\YounesCo\YounesCo-SPA\dist\out-tsc\src\main.js.map
D:\hadi\YounesCo\YounesCo-SPA\dist\out-tsc\src\polyfills.js
D:\hadi\YounesCo\YounesCo-SPA\dist\out-tsc\src\polyfills.js.map
D:\hadi\YounesCo\YounesCo-SPA\dist\out-tsc\src\test.js
D:\hadi\YounesCo\YounesCo-SPA\dist\out-tsc\src\test.js.map
D:\hadi\YounesCo\YounesCo-SPA\dist\out-tsc\src\app\app.component.spec.js
D:\hadi\YounesCo\YounesCo-SPA\dist\out-tsc\src\app\app.component.spec.js.map
D:\hadi\YounesCo\YounesCo-SPA\dist\out-tsc\src\environments\environment.prod.js
D:\hadi\YounesCo\YounesCo-SPA\dist\out-tsc\src\environments\environment.prod.js.map
